<?xml version="1.0" encoding="UTF-8"?>
<!-- Generated by org.testng.reporters.JUnitReportReporter -->
<testsuite hostname="Tushar" failures="0" tests="4" name="TestNg.Sample$TestNgExample" time="0.024" errors="0" timestamp="2023-02-07T11:49:23 IST" skipped="0">
  <testcase classname="TestNg.Sample$TestNgExample" name="test2" time="0.004"/>
  <system-out/>
  <testcase classname="TestNg.Sample$TestNgExample" name="test3" time="0.010"/>
  <system-out/>
  <testcase classname="TestNg.Sample$TestNgExample" name="test1" time="0.008"/>
  <system-out/>
  <testcase classname="TestNg.Sample$TestNgExample" name="test1" time="0.002"/>
  <system-out/>
</testsuite> <!-- TestNg.Sample$TestNgExample -->
